Start testing: Jul 27 00:01 CST
----------------------------------------------------------
22/163 Testing: t_byte_stream_construction
22/163 Test: t_byte_stream_construction
Command: "/home/ymk/proj/cs144/sponge/build/tests/byte_stream_construction"
Directory: /home/ymk/proj/cs144/sponge/build
"t_byte_stream_construction" start time: Jul 27 00:01 CST
Output:
----------------------------------------------------------
Test Failure on expectation:
	Expectation: buffer_empty: 1

Failure message:
	The ByteStream should have had buffer_empty equal to 1 but instead it was 0

List of steps that executed successfully:
	Initialized with (capacity=15)
	Expectation: input_ended: 0

Exception: The test "construction" failed
<end of output>
Test time =   0.00 sec
----------------------------------------------------------
Test Failed.
"t_byte_stream_construction" end time: Jul 27 00:01 CST
"t_byte_stream_construction" time elapsed: 00:00:00
----------------------------------------------------------

23/163 Testing: t_byte_stream_one_write
23/163 Test: t_byte_stream_one_write
Command: "/home/ymk/proj/cs144/sponge/build/tests/byte_stream_one_write"
Directory: /home/ymk/proj/cs144/sponge/build
"t_byte_stream_one_write" start time: Jul 27 00:01 CST
Output:
----------------------------------------------------------
Test Failure on expectation:
	Expectation: bytes_written: 3

Failure message:
	The ByteStream should have had bytes_written equal to 3 but instead it was 0

List of steps that executed successfully:
	Initialized with (capacity=15)
	     Action: write "cat" to the stream
	Expectation: input_ended: 0
	Expectation: buffer_empty: 0
	Expectation: eof: 0
	Expectation: bytes_read: 0

Exception: The test "write-end-pop" failed
<end of output>
Test time =   0.00 sec
----------------------------------------------------------
Test Failed.
"t_byte_stream_one_write" end time: Jul 27 00:01 CST
"t_byte_stream_one_write" time elapsed: 00:00:00
----------------------------------------------------------

24/163 Testing: t_byte_stream_two_writes
24/163 Test: t_byte_stream_two_writes
Command: "/home/ymk/proj/cs144/sponge/build/tests/byte_stream_two_writes"
Directory: /home/ymk/proj/cs144/sponge/build
"t_byte_stream_two_writes" start time: Jul 27 00:01 CST
Output:
----------------------------------------------------------
Test Failure on expectation:
	Expectation: bytes_written: 3

Failure message:
	The ByteStream should have had bytes_written equal to 3 but instead it was 0

List of steps that executed successfully:
	Initialized with (capacity=15)
	     Action: write "cat" to the stream
	Expectation: input_ended: 0
	Expectation: buffer_empty: 0
	Expectation: eof: 0
	Expectation: bytes_read: 0

Exception: The test "write-write-end-pop-pop" failed
<end of output>
Test time =   0.00 sec
----------------------------------------------------------
Test Failed.
"t_byte_stream_two_writes" end time: Jul 27 00:01 CST
"t_byte_stream_two_writes" time elapsed: 00:00:00
----------------------------------------------------------

25/163 Testing: t_byte_stream_capacity
25/163 Test: t_byte_stream_capacity
Command: "/home/ymk/proj/cs144/sponge/build/tests/byte_stream_capacity"
Directory: /home/ymk/proj/cs144/sponge/build
"t_byte_stream_capacity" start time: Jul 27 00:01 CST
Output:
----------------------------------------------------------
Test Failure on expectation:
	     Action: write "cat" to the stream

Failure message:
	The ByteStream should have had bytes_written equal to 2 but instead it was 0

List of steps that executed successfully:
	Initialized with (capacity=2)

Exception: The test "overwrite" failed
<end of output>
Test time =   0.00 sec
----------------------------------------------------------
Test Failed.
"t_byte_stream_capacity" end time: Jul 27 00:01 CST
"t_byte_stream_capacity" time elapsed: 00:00:00
----------------------------------------------------------

26/163 Testing: t_byte_stream_many_writes
26/163 Test: t_byte_stream_many_writes
Command: "/home/ymk/proj/cs144/sponge/build/tests/byte_stream_many_writes"
Directory: /home/ymk/proj/cs144/sponge/build
"t_byte_stream_many_writes" start time: Jul 27 00:01 CST
Output:
----------------------------------------------------------
Test Failure on expectation:
	     Action: write "vcdjiciwgalnonpqbvccsiethuikzvfujyjqinkswpmccejbewhcfqomiecgcseqvbcatizkzkocfoipkfazknyschjgjajqbaxpyuoudsetmmtsfxydmretfnikdulnzcoozrayfbhmqjvsdgjvtzgzfxiiobp" to the stream

Failure message:
	The ByteStream should have had bytes_written equal to 159 but instead it was 0

List of steps that executed successfully:
	Initialized with (capacity=200000)

Exception: The test "many writes" failed
<end of output>
Test time =   0.00 sec
----------------------------------------------------------
Test Failed.
"t_byte_stream_many_writes" end time: Jul 27 00:01 CST
"t_byte_stream_many_writes" time elapsed: 00:00:00
----------------------------------------------------------

27/163 Testing: t_webget
27/163 Test: t_webget
Command: "/home/ymk/proj/cs144/sponge/tests/webget_t.sh"
Directory: /home/ymk/proj/cs144/sponge/build
"t_webget" start time: Jul 27 00:01 CST
Output:
----------------------------------------------------------
Function called: get_URL(cs144.keithw.org, /hasher/xyzzy).
Warning: get_URL() has not been implemented yet.
ERROR: webget returned output that did not match the test's expectations
<end of output>
Test time =   0.01 sec
----------------------------------------------------------
Test Failed.
"t_webget" end time: Jul 27 00:01 CST
"t_webget" time elapsed: 00:00:00
----------------------------------------------------------

47/163 Testing: t_address_dt
47/163 Test: t_address_dt
Command: "/home/ymk/proj/cs144/sponge/build/doctests/address_dt"
Directory: /home/ymk/proj/cs144/sponge/build
"t_address_dt" start time: Jul 27 00:01 CST
Output:
----------------------------------------------------------
<end of output>
Test time =   0.01 sec
----------------------------------------------------------
Test Passed.
"t_address_dt" end time: Jul 27 00:01 CST
"t_address_dt" time elapsed: 00:00:00
----------------------------------------------------------

48/163 Testing: t_parser_dt
48/163 Test: t_parser_dt
Command: "/home/ymk/proj/cs144/sponge/build/doctests/parser_dt"
Directory: /home/ymk/proj/cs144/sponge/build
"t_parser_dt" start time: Jul 27 00:01 CST
Output:
----------------------------------------------------------
<end of output>
Test time =   0.00 sec
----------------------------------------------------------
Test Passed.
"t_parser_dt" end time: Jul 27 00:01 CST
"t_parser_dt" time elapsed: 00:00:00
----------------------------------------------------------

49/163 Testing: t_socket_dt
49/163 Test: t_socket_dt
Command: "/home/ymk/proj/cs144/sponge/build/doctests/socket_dt"
Directory: /home/ymk/proj/cs144/sponge/build
"t_socket_dt" start time: Jul 27 00:01 CST
Output:
----------------------------------------------------------
<end of output>
Test time =   0.01 sec
----------------------------------------------------------
Test Passed.
"t_socket_dt" end time: Jul 27 00:01 CST
"t_socket_dt" time elapsed: 00:00:00
----------------------------------------------------------

End testing: Jul 27 00:01 CST
